Arguments: 
  /Users/shoot/.nvm/versions/node/v10.13.0/bin/node /usr/local/Cellar/yarn/1.12.3/libexec/bin/yarn.js add Ramda

PATH: 
  /usr/local/bin:/usr/bin:/bin:/usr/sbin:/sbin:/Users/shoot/.nvm/versions/node/v10.13.0/bin

Yarn version: 
  1.12.3

Node version: 
  10.13.0

Platform: 
  darwin x64

Trace: 
  Error: https://registry.npmjs.org/Ramda: Not found
      at Request.params.callback [as _callback] (/usr/local/Cellar/yarn/1.12.3/libexec/lib/cli.js:65894:18)
      at Request.self.callback (/usr/local/Cellar/yarn/1.12.3/libexec/lib/cli.js:129018:22)
      at Request.emit (events.js:182:13)
      at Request.<anonymous> (/usr/local/Cellar/yarn/1.12.3/libexec/lib/cli.js:129990:10)
      at Request.emit (events.js:182:13)
      at IncomingMessage.<anonymous> (/usr/local/Cellar/yarn/1.12.3/libexec/lib/cli.js:129912:12)
      at Object.onceWrapper (events.js:273:13)
      at IncomingMessage.emit (events.js:187:15)
      at endReadableNT (_stream_readable.js:1094:12)
      at process._tickCallback (internal/process/next_tick.js:63:19)

npm manifest: 
  {
      "name": "om-nom",
      "version": "2.0.0",
      "description": "",
      "main": "index.js",
      "scripts": {
          "test": "echo \"Error: no test specified\" && exit 1",
          "start": "webpack-dev-server --config webpack.dev.js --mode development",
          "build": "webpack --config webpack.prod.js --mode production",
          "preview": "npm run build && http-server dist"
      },
      "repository": {
          "type": "git",
          "url": ""
      },
      "keywords": [],
      "author": "Mike Sinyakov",
      "license": "ISC",
      "bugs": {
          "url": ""
      },
      "homepage": "",
      "dependencies": {
          "normalize.css": "^8.0.0"
      },
      "devDependencies": {
          "ajv": "^6.3.0",
          "autoprefixer": "^9.3.1",
          "babel-core": "^6.26.3",
          "babel-loader": "^7.1.4",
          "babel-preset-env": "^1.7.0",
          "clean-webpack-plugin": "^0.1.19",
          "css-loader": "^0.28.11",
          "cssnano": "^3.10.0",
          "extract-text-webpack-plugin": "^4.0.0-beta.0",
          "favicons-webpack-plugin": "0.0.9",
          "file-loader": "^1.1.11",
          "html-webpack-plugin": "^3.1.0",
          "http-server": "^0.11.1",
          "node-sass": "^4.10.0",
          "optimize-css-assets-webpack-plugin": "^4.0.0",
          "postcss-loader": "^2.1.3",
          "sass-loader": "^6.0.7",
          "source-map-loader": "^0.2.3",
          "style-loader": "^0.20.3",
          "url-loader": "^1.0.1",
          "webpack": "^4.20.2",
          "webpack-cli": "^3.1.1",
          "webpack-dev-server": "^3.1.10"
      }
  }

yarn manifest: 
  No manifest

Lockfile: 
  No lockfile
